[debug] [2021-04-19T23:06:15.353Z] ----------------------------------------------------------------------
[debug] [2021-04-19T23:06:15.356Z] Command:       C:\Program Files\nodejs\node.exe C:\Program Files\nodejs\node_modules\firebase-tools\lib\bin\firebase.js deploy
[debug] [2021-04-19T23:06:15.356Z] CLI Version:   9.4.0
[debug] [2021-04-19T23:06:15.356Z] Platform:      win32
[debug] [2021-04-19T23:06:15.356Z] Node Version:  v12.18.2
[debug] [2021-04-19T23:06:15.357Z] Time:          Mon Apr 19 2021 18:06:15 GMT-0500 (GMT-05:00)
[debug] [2021-04-19T23:06:15.358Z] ----------------------------------------------------------------------
[debug] [2021-04-19T23:06:15.358Z] 
[debug] [2021-04-19T23:06:15.367Z] > command requires scopes: ["email","openid","https://www.googleapis.com/auth/cloudplatformprojects.readonly","https://www.googleapis.com/auth/firebase","https://www.googleapis.com/auth/cloud-platform"]
[debug] [2021-04-19T23:06:15.368Z] > authorizing via signed-in user
[debug] [2021-04-19T23:06:15.368Z] [iam] checking project innu-40599 for permissions ["datastore.indexes.create","datastore.indexes.delete","datastore.indexes.list","datastore.indexes.update","firebase.projects.get","firebasehosting.sites.update"]
[debug] [2021-04-19T23:06:15.382Z] > refreshing access token with scopes: ["email","https://www.googleapis.com/auth/cloud-platform","https://www.googleapis.com/auth/cloudplatformprojects.readonly","https://www.googleapis.com/auth/firebase","openid"]
[debug] [2021-04-19T23:06:15.382Z] >>> HTTP REQUEST POST https://www.googleapis.com/oauth2/v3/token  
 <request body omitted>
[debug] [2021-04-19T23:06:15.410Z] [iam] error while checking permissions, command may fail: FirebaseError: Authentication Error: Your credentials are no longer valid. Please run firebase login --reauth

For CI servers and headless environments, generate a new token with firebase login:ci
[debug] [2021-04-19T23:06:15.411Z] > refreshing access token with scopes: []
[debug] [2021-04-19T23:06:15.411Z] >>> HTTP REQUEST POST https://www.googleapis.com/oauth2/v3/token  
 <request body omitted>
[debug] [2021-04-19T23:06:15.415Z] Authentication Error: Your credentials are no longer valid. Please run firebase login --reauth

For CI servers and headless environments, generate a new token with firebase login:ci
[debug] [2021-04-19T23:06:15.429Z] FirebaseError: Authentication Error: Your credentials are no longer valid. Please run firebase login --reauth

For CI servers and headless environments, generate a new token with firebase login:ci
    at invalidCredentialError (C:\Users\Jaime\AppData\Roaming\nvm\v12.18.2\node_modules\firebase-tools\lib\auth.js:26:12)
    at refreshTokens (C:\Users\Jaime\AppData\Roaming\nvm\v12.18.2\node_modules\firebase-tools\lib\auth.js:297:15)
    at processTicksAndRejections (internal/process/task_queues.js:97:5)
[error] 
[error] Error: Failed to get Firebase project innu-40599. Please make sure the project exists and your account has permission to access it.
